[INFO] Scanning for projects...
[INFO] 
[INFO] ---------------------< com.pfe:promotion-platform >---------------------
[INFO] Building  0.0.1-SNAPSHOT
[INFO]   from pom.xml
[INFO] --------------------------------[ jar ]---------------------------------
[INFO] 
[INFO] >>> spring-boot:3.5.12:run (default-cli) > test-compile @ promotion-platform >>>
[INFO] 
[INFO] --- resources:3.3.1:resources (default-resources) @ promotion-platform ---
[INFO] Copying 1 resource from src\main\resources to target\classes
[INFO] Copying 0 resource from src\main\resources to target\classes
[INFO] 
[INFO] --- compiler:3.14.1:compile (default-compile) @ promotion-platform ---
[INFO] Nothing to compile - all classes are up to date.
[INFO] 
[INFO] --- resources:3.3.1:testResources (default-testResources) @ promotion-platform ---
[INFO] skip non existing resourceDirectory C:\Users\HP\Desktop\PROJET~4\PROMOT~1\src\test\resources
[INFO] 
[INFO] --- compiler:3.14.1:testCompile (default-testCompile) @ promotion-platform ---
[INFO] Nothing to compile - all classes are up to date.
[INFO] 
[INFO] <<< spring-boot:3.5.12:run (default-cli) < test-compile @ promotion-platform <<<
[INFO] 
[INFO] 
[INFO] --- spring-boot:3.5.12:run (default-cli) @ promotion-platform ---
[INFO] Attaching agents: []

  .   ____          _            __ _ _
 /\\ / ___'_ __ _ _(_)_ __  __ _ \ \ \ \
( ( )\___ | '_ | '_| | '_ \/ _` | \ \ \ \
 \\/  ___)| |_)| | | | | || (_| |  ) ) ) )
  '  |____| .__|_| |_|_| |_\__, | / / / /
 =========|_|==============|___/=/_/_/_/

 :: Spring Boot ::               (v3.5.12)

2026-05-20T23:48:31.456+01:00  INFO 16672 --- [promotion-platform] [           main] c.p.p.PromotionPlatformApplication       : Starting PromotionPlatformApplication using Java 21.0.4 with PID 16672 (C:\Users\HP\Desktop\projetpf - Copie (3)\promotion-backend\target\classes started by HP in C:\Users\HP\Desktop\PROJET~4\PROMOT~1)
2026-05-20T23:48:31.466+01:00  INFO 16672 --- [promotion-platform] [           main] c.p.p.PromotionPlatformApplication       : No active profile set, falling back to 1 default profile: "default"
2026-05-20T23:48:34.935+01:00  INFO 16672 --- [promotion-platform] [           main] .s.d.r.c.RepositoryConfigurationDelegate : Bootstrapping Spring Data JPA repositories in DEFAULT mode.
2026-05-20T23:48:35.740+01:00  INFO 16672 --- [promotion-platform] [           main] .s.d.r.c.RepositoryConfigurationDelegate : Finished Spring Data repository scanning in 756 ms. Found 6 JPA repository interfaces.
2026-05-20T23:48:38.469+01:00  INFO 16672 --- [promotion-platform] [           main] o.s.b.w.embedded.tomcat.TomcatWebServer  : Tomcat initialized with port 8081 (http)
2026-05-20T23:48:38.527+01:00  INFO 16672 --- [promotion-platform] [           main] o.apache.catalina.core.StandardService   : Starting service [Tomcat]
2026-05-20T23:48:38.529+01:00  INFO 16672 --- [promotion-platform] [           main] o.apache.catalina.core.StandardEngine    : Starting Servlet engine: [Apache Tomcat/10.1.52]
2026-05-20T23:48:38.806+01:00  INFO 16672 --- [promotion-platform] [           main] o.a.c.c.C.[Tomcat].[localhost].[/]       : Initializing Spring embedded WebApplicationContext
2026-05-20T23:48:38.806+01:00  INFO 16672 --- [promotion-platform] [           main] w.s.c.ServletWebServerApplicationContext : Root WebApplicationContext: initialization completed in 7172 ms
2026-05-20T23:48:39.358+01:00  INFO 16672 --- [promotion-platform] [           main] o.hibernate.jpa.internal.util.LogHelper  : HHH000204: Processing PersistenceUnitInfo [name: default]
2026-05-20T23:48:39.626+01:00  INFO 16672 --- [promotion-platform] [           main] org.hibernate.Version                    : HHH000412: Hibernate ORM core version 6.6.44.Final
2026-05-20T23:48:39.826+01:00  INFO 16672 --- [promotion-platform] [           main] o.h.c.internal.RegionFactoryInitiator    : HHH000026: Second-level cache disabled
2026-05-20T23:48:41.134+01:00  INFO 16672 --- [promotion-platform] [           main] o.s.o.j.p.SpringPersistenceUnitInfo      : No LoadTimeWeaver setup: ignoring JPA class transformer
2026-05-20T23:48:41.266+01:00  INFO 16672 --- [promotion-platform] [           main] com.zaxxer.hikari.HikariDataSource       : HikariPool-1 - Starting...
2026-05-20T23:48:41.994+01:00  INFO 16672 --- [promotion-platform] [           main] com.zaxxer.hikari.pool.HikariPool        : HikariPool-1 - Added connection org.postgresql.jdbc.PgConnection@abc7005
2026-05-20T23:48:41.999+01:00  INFO 16672 --- [promotion-platform] [           main] com.zaxxer.hikari.HikariDataSource       : HikariPool-1 - Start completed.
2026-05-20T23:48:42.158+01:00  WARN 16672 --- [promotion-platform] [           main] org.hibernate.orm.deprecation            : HHH90000025: PostgreSQLDialect does not need to be specified explicitly using 'hibernate.dialect' (remove the property setting and it will be selected by default)
2026-05-20T23:48:42.241+01:00  INFO 16672 --- [promotion-platform] [           main] org.hibernate.orm.connections.pooling    : HHH10001005: Database info:
	Database JDBC URL [Connecting through datasource 'HikariDataSource (HikariPool-1)']
	Database driver: undefined/unknown
	Database version: 15.8
	Autocommit mode: undefined/unknown
	Isolation level: undefined/unknown
	Minimum pool size: undefined/unknown
	Maximum pool size: undefined/unknown
2026-05-20T23:48:46.402+01:00  INFO 16672 --- [promotion-platform] [           main] o.h.e.t.j.p.i.JtaPlatformInitiator       : HHH000489: No JTA platform available (set 'hibernate.transaction.jta.platform' to enable JTA platform integration)
2026-05-20T23:48:46.861+01:00  INFO 16672 --- [promotion-platform] [           main] j.LocalContainerEntityManagerFactoryBean : Initialized JPA EntityManagerFactory for persistence unit 'default'
2026-05-20T23:48:47.928+01:00  INFO 16672 --- [promotion-platform] [           main] o.s.d.j.r.query.QueryEnhancerFactory     : Hibernate is in classpath; If applicable, HQL parser will be used.
Hibernate: update admin_subscriptions as1_0 set plan=case when upper(as1_0.plan)='PRO' then 'PREMIUM' when upper(as1_0.plan)='ENTERPRISE' then 'STANDARD' else upper(as1_0.plan) end where upper(as1_0.plan) in ('PRO','ENTERPRISE','BASIC','STANDARD','PREMIUM')
2026-05-20T23:48:51.512+01:00  INFO 16672 --- [promotion-platform] [           main] c.p.p.service.impl.AuthServiceImpl       : Normalized 53 subscription plan value(s) to BASIC/STANDARD/PREMIUM
Hibernate: select count(*) from plans p1_0
2026-05-20T23:48:53.800+01:00  WARN 16672 --- [promotion-platform] [           main] JpaBaseConfiguration$JpaWebConfiguration : spring.jpa.open-in-view is enabled by default. Therefore, database queries may be performed during view rendering. Explicitly configure spring.jpa.open-in-view to disable this warning
2026-05-20T23:48:54.448+01:00  INFO 16672 --- [promotion-platform] [           main] r$InitializeUserDetailsManagerConfigurer : Global AuthenticationManager configured with UserDetailsService bean with name customUserDetailsService
2026-05-20T23:48:55.680+01:00  INFO 16672 --- [promotion-platform] [           main] o.s.b.w.embedded.tomcat.TomcatWebServer  : Tomcat started on port 8081 (http) with context path '/'
2026-05-20T23:48:55.706+01:00  INFO 16672 --- [promotion-platform] [           main] c.p.p.PromotionPlatformApplication       : Started PromotionPlatformApplication in 25.77 seconds (process running for 26.873)
2026-05-20T23:50:30.514+01:00  INFO 16672 --- [promotion-platform] [nio-8081-exec-1] o.a.c.c.C.[Tomcat].[localhost].[/]       : Initializing Spring DispatcherServlet 'dispatcherServlet'
2026-05-20T23:50:30.514+01:00  INFO 16672 --- [promotion-platform] [nio-8081-exec-1] o.s.web.servlet.DispatcherServlet        : Initializing Servlet 'dispatcherServlet'
2026-05-20T23:50:30.517+01:00  INFO 16672 --- [promotion-platform] [nio-8081-exec-1] o.s.web.servlet.DispatcherServlet        : Completed initialization in 3 ms
2026-05-20T23:50:37.026+01:00  INFO 16672 --- [promotion-platform] [nio-8081-exec-4] c.p.p.service.impl.OAuth2ServiceImpl     : Exchanging code at tokenUri=https://oauth2.googleapis.com/token, redirect_uri=http://localhost:8081/login/oauth2/code/google, client_id=294067615432-t1qjngghnas1r566p2k4j435gpj0u1p4.apps.googleusercontent.com
Hibernate: select u1_0.id,u1_0.created_at,u1_0.email,u1_0.full_name,u1_0.oauth_id,u1_0.oauth_provider,u1_0.password,u1_0.role from users u1_0 where u1_0.oauth_provider=? and u1_0.oauth_id=?
Hibernate: update users set created_at=?,email=?,full_name=?,oauth_id=?,oauth_provider=?,password=?,role=? where id=?
Hibernate: select as1_0.id from admin_subscriptions as1_0 where upper(as1_0.contact_email)=upper(?) and as1_0.active fetch first ? rows only
Hibernate: insert into admin_subscriptions (active,company_name,contact_email,created_at,plan) values (?,?,?,?,?)
2026-05-20T23:50:41.014+01:00  INFO 16672 --- [promotion-platform] [nio-8081-exec-4] c.p.p.service.impl.OAuth2ServiceImpl     : Created AdminSubscription for Google OAuth admin user: sinda.ghrairi@gmail.com
Hibernate: select u1_0.id,u1_0.created_at,u1_0.email,u1_0.full_name,u1_0.oauth_id,u1_0.oauth_provider,u1_0.password,u1_0.role from users u1_0 where upper(u1_0.email)=upper(?)
Hibernate: select u1_0.id,u1_0.created_at,u1_0.email,u1_0.full_name,u1_0.oauth_id,u1_0.oauth_provider,u1_0.password,u1_0.role from users u1_0 where upper(u1_0.email)=upper(?)
Hibernate: select u1_0.id,u1_0.created_at,u1_0.email,u1_0.full_name,u1_0.oauth_id,u1_0.oauth_provider,u1_0.password,u1_0.role from users u1_0 where upper(u1_0.email)=upper(?)
Hibernate: select as1_0.id,as1_0.active,as1_0.company_name,as1_0.contact_email,as1_0.created_at,as1_0.plan from admin_subscriptions as1_0 where upper(as1_0.contact_email)=upper(?) and as1_0.active
Hibernate: select u1_0.id,u1_0.created_at,u1_0.email,u1_0.full_name,u1_0.oauth_id,u1_0.oauth_provider,u1_0.password,u1_0.role from users u1_0 where upper(u1_0.email)=upper(?)
Hibernate: select u1_0.id,u1_0.created_at,u1_0.email,u1_0.full_name,u1_0.oauth_id,u1_0.oauth_provider,u1_0.password,u1_0.role from users u1_0 where upper(u1_0.email)=upper(?)
Hibernate: select as1_0.id,as1_0.active,as1_0.company_name,as1_0.contact_email,as1_0.created_at,as1_0.plan from admin_subscriptions as1_0 where upper(as1_0.contact_email)=upper(?) and as1_0.active
Hibernate: select as1_0.id,as1_0.active,as1_0.company_name,as1_0.contact_email,as1_0.created_at,as1_0.plan from admin_subscriptions as1_0 where upper(as1_0.contact_email)=upper(?) and as1_0.active
Hibernate: select p1_0.id,p1_0.category,p1_0.claimed_count,p1_0.company_slug,p1_0.coupon_code,p1_0.created_at,p1_0.discount,p1_0.end_date,p1_0.start_date,p1_0.status,p1_0.title,p1_0.type,p1_0.usage_count,p1_0.views from promotions p1_0 where p1_0.company_slug=? order by p1_0.id desc
Hibernate: select c1_0.id,c1_0.allowed_count,c1_0.code,c1_0.expiration_date,c1_0.promotion_id,p1_0.id,p1_0.category,p1_0.claimed_count,p1_0.company_slug,p1_0.coupon_code,p1_0.created_at,p1_0.discount,p1_0.end_date,p1_0.start_date,p1_0.status,p1_0.title,p1_0.type,p1_0.usage_count,p1_0.views,c1_0.status,c1_0.used_count from coupons c1_0 join promotions p1_0 on p1_0.id=c1_0.promotion_id where p1_0.company_slug=? order by p1_0.created_at desc,c1_0.id desc
Hibernate: select u1_0.id,u1_0.created_at,u1_0.email,u1_0.full_name,u1_0.oauth_id,u1_0.oauth_provider,u1_0.password,u1_0.role from users u1_0 where upper(u1_0.email)=upper(?)
Hibernate: select u1_0.id,u1_0.created_at,u1_0.email,u1_0.full_name,u1_0.oauth_id,u1_0.oauth_provider,u1_0.password,u1_0.role from users u1_0 where upper(u1_0.email)=upper(?)
Hibernate: select as1_0.id,as1_0.active,as1_0.company_name,as1_0.contact_email,as1_0.created_at,as1_0.plan from admin_subscriptions as1_0 where upper(as1_0.contact_email)=upper(?) and as1_0.active
Hibernate: select u1_0.id,u1_0.created_at,u1_0.email,u1_0.full_name,u1_0.oauth_id,u1_0.oauth_provider,u1_0.password,u1_0.role from users u1_0 where upper(u1_0.email)=upper(?)
Hibernate: select u1_0.id,u1_0.created_at,u1_0.email,u1_0.full_name,u1_0.oauth_id,u1_0.oauth_provider,u1_0.password,u1_0.role from users u1_0 where upper(u1_0.email)=upper(?)
Hibernate: select as1_0.id,as1_0.active,as1_0.company_name,as1_0.contact_email,as1_0.created_at,as1_0.plan from admin_subscriptions as1_0 where upper(as1_0.contact_email)=upper(?) and as1_0.active
Hibernate: select as1_0.id,as1_0.active,as1_0.company_name,as1_0.contact_email,as1_0.created_at,as1_0.plan from admin_subscriptions as1_0 where upper(as1_0.contact_email)=upper(?) and as1_0.active
Hibernate: select c1_0.id,c1_0.allowed_count,c1_0.code,c1_0.expiration_date,c1_0.promotion_id,p1_0.id,p1_0.category,p1_0.claimed_count,p1_0.company_slug,p1_0.coupon_code,p1_0.created_at,p1_0.discount,p1_0.end_date,p1_0.start_date,p1_0.status,p1_0.title,p1_0.type,p1_0.usage_count,p1_0.views,c1_0.status,c1_0.used_count from coupons c1_0 join promotions p1_0 on p1_0.id=c1_0.promotion_id where p1_0.company_slug=? order by p1_0.created_at desc,c1_0.id desc
Hibernate: select p1_0.id,p1_0.category,p1_0.claimed_count,p1_0.company_slug,p1_0.coupon_code,p1_0.created_at,p1_0.discount,p1_0.end_date,p1_0.start_date,p1_0.status,p1_0.title,p1_0.type,p1_0.usage_count,p1_0.views from promotions p1_0 where p1_0.company_slug=? order by p1_0.id desc
Hibernate: select p1_0.id,p1_0.active,p1_0.created_at,p1_0.description,p1_0.duration,p1_0.name,p1_0.price,p1_0.updated_at from plans p1_0
Hibernate: select p1_0.id,p1_0.active,p1_0.created_at,p1_0.description,p1_0.duration,p1_0.name,p1_0.price,p1_0.updated_at from plans p1_0 where p1_0.id=?
Hibernate: select p1_0.id,p1_0.active,p1_0.created_at,p1_0.description,p1_0.duration,p1_0.name,p1_0.price,p1_0.updated_at from plans p1_0 where upper(p1_0.name)=upper(?)
Hibernate: select as1_0.id,as1_0.active,as1_0.company_name,as1_0.contact_email,as1_0.created_at,as1_0.plan from admin_subscriptions as1_0 where upper(as1_0.contact_email)=upper(?)
Hibernate: select u1_0.id from users u1_0 where upper(u1_0.email)=upper(?) fetch first ? rows only
2026-05-20T23:51:22.172+01:00  INFO 16672 --- [promotion-platform] [nio-8081-exec-6] c.p.p.service.impl.OAuth2ServiceImpl     : Exchanging code at tokenUri=https://oauth2.googleapis.com/token, redirect_uri=http://localhost:8081/login/oauth2/code/google, client_id=294067615432-t1qjngghnas1r566p2k4j435gpj0u1p4.apps.googleusercontent.com
Hibernate: select u1_0.id,u1_0.created_at,u1_0.email,u1_0.full_name,u1_0.oauth_id,u1_0.oauth_provider,u1_0.password,u1_0.role from users u1_0 where u1_0.oauth_provider=? and u1_0.oauth_id=?
Hibernate: select as1_0.id from admin_subscriptions as1_0 where upper(as1_0.contact_email)=upper(?) and as1_0.active fetch first ? rows only
Hibernate: select u1_0.id,u1_0.created_at,u1_0.email,u1_0.full_name,u1_0.oauth_id,u1_0.oauth_provider,u1_0.password,u1_0.role from users u1_0 where upper(u1_0.email)=upper(?)
Hibernate: select u1_0.id,u1_0.created_at,u1_0.email,u1_0.full_name,u1_0.oauth_id,u1_0.oauth_provider,u1_0.password,u1_0.role from users u1_0 where upper(u1_0.email)=upper(?)
Hibernate: select u1_0.id,u1_0.created_at,u1_0.email,u1_0.full_name,u1_0.oauth_id,u1_0.oauth_provider,u1_0.password,u1_0.role from users u1_0 where upper(u1_0.email)=upper(?)
Hibernate: select as1_0.id,as1_0.active,as1_0.company_name,as1_0.contact_email,as1_0.created_at,as1_0.plan from admin_subscriptions as1_0 where upper(as1_0.contact_email)=upper(?) and as1_0.active
Hibernate: select u1_0.id,u1_0.created_at,u1_0.email,u1_0.full_name,u1_0.oauth_id,u1_0.oauth_provider,u1_0.password,u1_0.role from users u1_0 where upper(u1_0.email)=upper(?)
Hibernate: select u1_0.id,u1_0.created_at,u1_0.email,u1_0.full_name,u1_0.oauth_id,u1_0.oauth_provider,u1_0.password,u1_0.role from users u1_0 where upper(u1_0.email)=upper(?)
Hibernate: select as1_0.id,as1_0.active,as1_0.company_name,as1_0.contact_email,as1_0.created_at,as1_0.plan from admin_subscriptions as1_0 where upper(as1_0.contact_email)=upper(?) and as1_0.active
Hibernate: select as1_0.id,as1_0.active,as1_0.company_name,as1_0.contact_email,as1_0.created_at,as1_0.plan from admin_subscriptions as1_0 where upper(as1_0.contact_email)=upper(?) and as1_0.active
Hibernate: select c1_0.id,c1_0.allowed_count,c1_0.code,c1_0.expiration_date,c1_0.promotion_id,p1_0.id,p1_0.category,p1_0.claimed_count,p1_0.company_slug,p1_0.coupon_code,p1_0.created_at,p1_0.discount,p1_0.end_date,p1_0.start_date,p1_0.status,p1_0.title,p1_0.type,p1_0.usage_count,p1_0.views,c1_0.status,c1_0.used_count from coupons c1_0 join promotions p1_0 on p1_0.id=c1_0.promotion_id where p1_0.company_slug=? order by p1_0.created_at desc,c1_0.id desc
Hibernate: select p1_0.id,p1_0.category,p1_0.claimed_count,p1_0.company_slug,p1_0.coupon_code,p1_0.created_at,p1_0.discount,p1_0.end_date,p1_0.start_date,p1_0.status,p1_0.title,p1_0.type,p1_0.usage_count,p1_0.views from promotions p1_0 where p1_0.company_slug=? order by p1_0.id desc
